<?xml version="1.0" encoding="UTF-8"?>
<!-- Generated by org.testng.reporters.JUnitReportReporter -->
<testsuite hostname="PranayT" failures="0" tests="1" name="Academy.AppTest" time="0.023" errors="0" timestamp="7 Feb 2021 14:46:28 GMT">
  <testcase classname="Academy.AppTest" name="testApp" time="0.023"/>
</testsuite> <!-- Academy.AppTest -->
